2025-08-24T18:53:30.252+03:00  INFO 20476 --- [UniversityRoomBookingSystem] [main] U.UniversityRoomBookingSystemApplication : Starting UniversityRoomBookingSystemApplication using Java 21.0.2 with PID 20476 (D:\Java Spring Boot\projects\University-Room-Booking-System\target\classes started by Steven in D:\Java Spring Boot\projects\University-Room-Booking-System)
2025-08-24T18:53:30.253+03:00 DEBUG 20476 --- [UniversityRoomBookingSystem] [main] U.UniversityRoomBookingSystemApplication : Running with Spring Boot v3.4.8, Spring v6.2.9
2025-08-24T18:53:30.254+03:00  INFO 20476 --- [UniversityRoomBookingSystem] [main] U.UniversityRoomBookingSystemApplication : The following 1 profile is active: "dev"
2025-08-24T18:53:30.890+03:00  INFO 20476 --- [UniversityRoomBookingSystem] [main] .s.d.r.c.RepositoryConfigurationDelegate : Bootstrapping Spring Data JPA repositories in DEFAULT mode.
2025-08-24T18:53:30.965+03:00  INFO 20476 --- [UniversityRoomBookingSystem] [main] .s.d.r.c.RepositoryConfigurationDelegate : Finished Spring Data repository scanning in 65 ms. Found 9 JPA repository interfaces.
2025-08-24T18:53:31.422+03:00  INFO 20476 --- [UniversityRoomBookingSystem] [main] o.s.b.w.embedded.tomcat.TomcatWebServer  : Tomcat initialized with port 8081 (http)
2025-08-24T18:53:31.432+03:00  INFO 20476 --- [UniversityRoomBookingSystem] [main] o.apache.catalina.core.StandardService   : Starting service [Tomcat]
2025-08-24T18:53:31.433+03:00  INFO 20476 --- [UniversityRoomBookingSystem] [main] o.apache.catalina.core.StandardEngine    : Starting Servlet engine: [Apache Tomcat/10.1.43]
2025-08-24T18:53:31.472+03:00  INFO 20476 --- [UniversityRoomBookingSystem] [main] o.a.c.c.C.[Tomcat].[localhost].[/]       : Initializing Spring embedded WebApplicationContext
2025-08-24T18:53:31.472+03:00  INFO 20476 --- [UniversityRoomBookingSystem] [main] w.s.c.ServletWebServerApplicationContext : Root WebApplicationContext: initialization completed in 1168 ms
2025-08-24T18:53:31.622+03:00  INFO 20476 --- [UniversityRoomBookingSystem] [main] o.hibernate.jpa.internal.util.LogHelper  : HHH000204: Processing PersistenceUnitInfo [name: default]
2025-08-24T18:53:31.678+03:00  INFO 20476 --- [UniversityRoomBookingSystem] [main] org.hibernate.Version                    : HHH000412: Hibernate ORM core version 6.6.22.Final
2025-08-24T18:53:31.732+03:00  INFO 20476 --- [UniversityRoomBookingSystem] [main] o.h.c.internal.RegionFactoryInitiator    : HHH000026: Second-level cache disabled
2025-08-24T18:53:31.982+03:00  INFO 20476 --- [UniversityRoomBookingSystem] [main] o.s.o.j.p.SpringPersistenceUnitInfo      : No LoadTimeWeaver setup: ignoring JPA class transformer
2025-08-24T18:53:32.009+03:00  INFO 20476 --- [UniversityRoomBookingSystem] [main] com.zaxxer.hikari.HikariDataSource       : HikariPool-1 - Starting...
2025-08-24T18:53:32.287+03:00  INFO 20476 --- [UniversityRoomBookingSystem] [main] com.zaxxer.hikari.pool.HikariPool        : HikariPool-1 - Added connection com.mysql.cj.jdbc.ConnectionImpl@13cf5f8a
2025-08-24T18:53:32.288+03:00  INFO 20476 --- [UniversityRoomBookingSystem] [main] com.zaxxer.hikari.HikariDataSource       : HikariPool-1 - Start completed.
2025-08-24T18:53:32.328+03:00  WARN 20476 --- [UniversityRoomBookingSystem] [main] org.hibernate.orm.deprecation            : HHH90000025: MySQL8Dialect does not need to be specified explicitly using 'hibernate.dialect' (remove the property setting and it will be selected by default)
2025-08-24T18:53:32.328+03:00  WARN 20476 --- [UniversityRoomBookingSystem] [main] org.hibernate.orm.deprecation            : HHH90000026: MySQL8Dialect has been deprecated; use org.hibernate.dialect.MySQLDialect instead
2025-08-24T18:53:32.341+03:00  INFO 20476 --- [UniversityRoomBookingSystem] [main] org.hibernate.orm.connections.pooling    : HHH10001005: Database info:
	Database JDBC URL [Connecting through datasource 'HikariDataSource (HikariPool-1)']
	Database driver: undefined/unknown
	Database version: 8.0
	Autocommit mode: undefined/unknown
	Isolation level: undefined/unknown
	Minimum pool size: undefined/unknown
	Maximum pool size: undefined/unknown
2025-08-24T18:53:33.226+03:00  INFO 20476 --- [UniversityRoomBookingSystem] [main] o.h.e.t.j.p.i.JtaPlatformInitiator       : HHH000489: No JTA platform available (set 'hibernate.transaction.jta.platform' to enable JTA platform integration)
2025-08-24T18:53:35.176+03:00  INFO 20476 --- [UniversityRoomBookingSystem] [main] j.LocalContainerEntityManagerFactoryBean : Initialized JPA EntityManagerFactory for persistence unit 'default'
2025-08-24T18:53:35.434+03:00 DEBUG 20476 --- [UniversityRoomBookingSystem] [main] c.s.U.Config.RequestLoggingFilter        : Filter 'requestLoggingFilter' configured for use
2025-08-24T18:53:35.434+03:00 DEBUG 20476 --- [UniversityRoomBookingSystem] [main] c.s.U.util.JwtFilter                     : Filter 'jwtFilter' configured for use
2025-08-24T18:53:35.509+03:00  INFO 20476 --- [UniversityRoomBookingSystem] [main] r$InitializeUserDetailsManagerConfigurer : Global AuthenticationManager configured with UserDetailsService bean with name userDetailsService
2025-08-24T18:53:35.538+03:00  INFO 20476 --- [UniversityRoomBookingSystem] [main] o.s.d.j.r.query.QueryEnhancerFactory     : Hibernate is in classpath; If applicable, HQL parser will be used.
2025-08-24T18:53:36.655+03:00  WARN 20476 --- [UniversityRoomBookingSystem] [main] JpaBaseConfiguration$JpaWebConfiguration : spring.jpa.open-in-view is enabled by default. Therefore, database queries may be performed during view rendering. Explicitly configure spring.jpa.open-in-view to disable this warning
2025-08-24T18:53:37.169+03:00  INFO 20476 --- [UniversityRoomBookingSystem] [main] o.s.b.w.embedded.tomcat.TomcatWebServer  : Tomcat started on port 8081 (http) with context path '/'
2025-08-24T18:53:37.174+03:00  INFO 20476 --- [UniversityRoomBookingSystem] [main] U.UniversityRoomBookingSystemApplication : Started UniversityRoomBookingSystemApplication in 7.389 seconds (process running for 7.995)
2025-08-24T18:53:55.723+03:00  INFO 20476 --- [UniversityRoomBookingSystem] [SpringApplicationShutdownHook] o.s.b.w.e.tomcat.GracefulShutdown        : Commencing graceful shutdown. Waiting for active requests to complete
2025-08-24T18:53:55.726+03:00  INFO 20476 --- [UniversityRoomBookingSystem] [tomcat-shutdown] o.s.b.w.e.tomcat.GracefulShutdown        : Graceful shutdown complete
2025-08-24T18:53:55.731+03:00  INFO 20476 --- [UniversityRoomBookingSystem] [SpringApplicationShutdownHook] j.LocalContainerEntityManagerFactoryBean : Closing JPA EntityManagerFactory for persistence unit 'default'
2025-08-24T18:53:55.733+03:00  INFO 20476 --- [UniversityRoomBookingSystem] [SpringApplicationShutdownHook] com.zaxxer.hikari.HikariDataSource       : HikariPool-1 - Shutdown initiated...
2025-08-24T18:53:55.738+03:00  INFO 20476 --- [UniversityRoomBookingSystem] [SpringApplicationShutdownHook] com.zaxxer.hikari.HikariDataSource       : HikariPool-1 - Shutdown completed.
